Arguments: 
  C:\Program Files\nodejs\node.exe C:\Users\GamePC\AppData\Roaming\npm\node_modules\yarn\bin\yarn.js add --dev react-native-svg-transformer

PATH: 
  C:\Python311\Scripts\;C:\Python311\;C:\Program Files\Amazon Corretto\jdk17.0.5_8\bin;C:\Program Files\Common Files\Oracle\Java\javapath;C:\Program Files (x86)\Common Files\Oracle\Java\javapath;C:\Python39\Scripts\;C:\Python39\;G:\Videos\dlv\ffmpeg-2020-09-30-git-9d8f9b2e40-full_build\bin;C:\Program Files\PuTTY\;C:\WINDOWS\system32;C:\WINDOWS;C:\WINDOWS\System32\Wbem;C:\WINDOWS\System32\WindowsPowerShell\v1.0\;C:\WINDOWS\System32\OpenSSH\;C:\Program Files (x86)\NVIDIA Corporation\PhysX\Common;C:\Program Files (x86)\Calibre2\;C:\PHP7;C:\Users\GamePC\AppData\Roaming\Composer\vendor\bin;C:\Program Files\Java\jre1.8.0_261\bin;C:\ProgramData\chocolatey\bin;C:\WINDOWS\system32;C:\WINDOWS;C:\WINDOWS\System32\Wbem;C:\WINDOWS\System32\WindowsPowerShell\v1.0\;C:\WINDOWS\System32\OpenSSH\;C:\Program Files\erl-24.1.4\bin;C:\Program Files (x86)\Elixir\bin;C:\Users\GamePC\.mix\escripts;C:\Program Files\Git\cmd;C:\apache-maven-3.8.6\bin;C:\Program Files\Docker\Docker\resources\bin;C:\Program Files\dotnet\;C:\Users\GamePC\AppData\Local\Android\Sdk\platform-tools;C:\Program Files\nodejs\;C:\Program Files\MySQL\MySQL Shell 8.0\bin\;C:\Users\GamePC\AppData\Local\Programs\Python\Python36\Scripts\;C:\Users\GamePC\AppData\Local\Programs\Python\Python36\;C:\Users\GamePC\AppData\Local\Microsoft\WindowsApps;;C:\Program Files\JetBrains\PhpStorm 2020.2\bin;;C:\Users\GamePC\.dotnet\tools;C:\Users\GamePC\AppData\Local\Programs\Microsoft VS Code\bin;C:\Program Files\JetBrains\CLion 2021.2.3\bin;;C:\Program Files\JetBrains\WebStorm 2021.3\bin;;C:\Program Files\JetBrains\JetBrains Rider 2021.3\bin;;C:\Program Files\JetBrains\GoLand 2021.3\bin;;C:\Program Files\JetBrains\IntelliJ IDEA Community Edition 2021.3\bin;;C:\Users\GamePC\AppData\Roaming\npm

Yarn version: 
  1.22.19

Node version: 
  18.16.0

Platform: 
  win32 x64

Trace: 
  Error: EPERM: operation not permitted, copyfile 'C:\Users\GamePC\AppData\Local\Yarn\Cache\v6\npm-@babel-core-7.21.8-2a8c7f0f53d60100ba4c32470ba0281c92aa9aa4-integrity\node_modules\@babel\core\lib\index.js' -> 'C:\Users\GamePC\VScodeProjects\RN-app\node_modules\@babel\core\lib\index.js'

npm manifest: 
  {
    "name": "rn-app",
    "version": "1.0.0",
    "main": "node_modules/expo/AppEntry.js",
    "scripts": {
      "start": "expo start",
      "android": "expo start --android",
      "ios": "expo start --ios",
      "web": "expo start --web",
      "test": "jest"
    },
    "jest": {
      "preset": "jest-expo",
      "transformIgnorePatterns": [
        "node_modules/(?!((jest-)?react-native|@react-native(-community)?)|expo(nent)?|@expo(nent)?/.*|@expo-google-fonts/.*|react-navigation|@react-navigation/.*|@unimodules/.*|unimodules|sentry-expo|native-base|react-native-svg)"
      ]
    },
    "dependencies": {
      "@react-navigation/native": "^6.1.6",
      "@react-navigation/native-stack": "^6.9.12",
      "@reduxjs/toolkit": "^1.9.3",
      "@shopify/flash-list": "1.4.0",
      "axios": "^1.3.4",
      "expo": "~48.0.5",
      "expo-status-bar": "~1.4.4",
      "jest": "^29.2.1",
      "jest-expo": "^48.0.2",
      "react": "18.2.0",
      "react-hook-form": "^7.43.5",
      "react-native": "0.71.4",
      "react-native-safe-area-context": "4.5.0",
      "react-native-screens": "~3.20.0",
      "react-native-svg": "13.4.0",
      "react-test-renderer": "18.2.0"
    },
    "devDependencies": {
      "@babel/core": "^7.20.0",
      "@testing-library/react-native": "^11.5.4"
    },
    "private": true
  }

yarn manifest: 
  No manifest

Lockfile: 
  No lockfile
